<?xml version="1.0" encoding="UTF-8"?>
<testng-results skipped="0" failed="0" ignored="0" total="1" passed="1">
  <reporter-output>
  </reporter-output>
  <suite name="Default suite" duration-ms="83" started-at="2018-02-17T07:50:08Z" finished-at="2018-02-17T07:50:09Z">
    <groups>
    </groups>
    <test name="Default test" duration-ms="83" started-at="2018-02-17T07:50:08Z" finished-at="2018-02-17T07:50:09Z">
      <class name="Aslam.Test1">
        <test-method status="PASS" signature="cir()[pri:0, instance:Aslam.Test1@100fc185]" name="cir" duration-ms="16" started-at="2018-02-17T13:20:09Z" finished-at="2018-02-17T13:20:09Z">
          <reporter-output>
          </reporter-output>
        </test-method> <!-- cir -->
      </class> <!-- Aslam.Test1 -->
    </test> <!-- Default test -->
  </suite> <!-- Default suite -->
</testng-results>
